<?xml version="1.0" encoding="UTF-8"?>
<testsuites name="Login_Home" time="118" tests="7" failures="0" errors="0">
   <testsuite name="Login_Home" tests="7" failures="0" errors="0" time="118" timestamp="2019-04-18 09:54:08" hostname="Administrator - BF-20170623WSST" id="Test Suites/Login/Login_Home">
      <properties>
         <property name="deviceName" value=""/>
         <property name="devicePlatform" value=""/>
         <property name="logFolder" value="G:\\Auto_Learning\\katalon\\katalon_project\\katalon_project\\T2M_Manage\\T2M_Manage\\Reports\\Login\\Login_Home\\20190418_095405"/>
         <property name="logFiles" value="G:\\Auto_Learning\\katalon\\katalon_project\\katalon_project\\T2M_Manage\\T2M_Manage\\Reports\\Login\\Login_Home\\20190418_095405\\execution0.log"/>
         <property name="attachments" value="G:\\Auto_Learning\\katalon\\katalon_project\\katalon_project\\T2M_Manage\\T2M_Manage\\Reports\\Login\\Login_Home\\20190418_095405\\1555552508686.png, G:\\Auto_Learning\\katalon\\katalon_project\\katalon_project\\T2M_Manage\\T2M_Manage\\Reports\\Login\\Login_Home\\20190418_095405\\1555552540671.png, G:\\Auto_Learning\\katalon\\katalon_project\\katalon_project\\T2M_Manage\\T2M_Manage\\Reports\\Login\\Login_Home\\20190418_095405\\1555552550942.png, G:\\Auto_Learning\\katalon\\katalon_project\\katalon_project\\T2M_Manage\\T2M_Manage\\Reports\\Login\\Login_Home\\20190418_095405\\1555552553222.png, G:\\Auto_Learning\\katalon\\katalon_project\\katalon_project\\T2M_Manage\\T2M_Manage\\Reports\\Login\\Login_Home\\20190418_095405\\1555552562243.png"/>
         <property name="hostName" value="Administrator - BF-20170623WSST"/>
         <property name="os" value="Windows 7 64bit"/>
         <property name="katalonVersion" value="5.7.0.1"/>
         <property name="browser" value="Chrome 73.0.3683.75"/>
         <property name="hostAddress" value="172.31.12.190"/>
         <property name="sessionId" value="f2ed97e581bcc3ae6e29f29d65711927"/>
         <property name="seleniumVersion" value="3.7.1"/>
         <property name="proxyInformation" value="ProxyInformation{proxyOption=NO_PROXY, proxyServerType=HTTP, password=, proxyServerAddress=, proxyServerPort=0}"/>
         <property name="platform" value="Windows 7"/>
      </properties>
      <testcase name="Test Cases/001_Login_Home/001_Navigate" classname="Test Cases/001_Login_Home/001_Navigate" status="PASSED">
         <system-out><![CDATA[2019-04-18 09:54:20 - [TEST_CASE][PASSED] - Test Cases/001_Login_Home/001_Navigate: Test Cases/001_Login_Home/001_Navigate

2019-04-18 09:54:20 - [TEST_STEP][PASSED] - Start listener action : sampleBeforeTestCase: Invoke 'com.kms.katalon.core.annotation.BeforeTestCase' method: 'NewTestListener.sampleBeforeTestCase(...)' completed.

2019-04-18 09:54:20 - [TEST_STEP][PASSED] - Statement - println(testCaseContext.getTestCaseId()): null

2019-04-18 09:54:20 - [TEST_STEP][PASSED] - Statement - println(testCaseContext.getTestCaseVariables()): Invoke 'com.kms.katalon.core.annotation.BeforeTestCase' method: 'NewTestListener.sampleBeforeTestCase(...)' completed.

2019-04-18 09:54:20 - [TEST_STEP][PASSED] - openBrowser: Browser is opened with url: ''

2019-04-18 09:54:20 - [MESSAGE][WARNING] - A browser is already opened. Closing browser and opening a new one

2019-04-18 09:54:25 - [MESSAGE][PASSED] - Browser is opened with url: ''

2019-04-18 09:54:25 - [TEST_STEP][PASSED] - navigateToUrl: Navigate to 'http://222.180.200.126:9909/PORTALASSETS/login' successfully

2019-04-18 09:54:26 - [MESSAGE][PASSED] - Navigate to 'http://222.180.200.126:9909/PORTALASSETS/login' successfully

2019-04-18 09:54:26 - [TEST_STEP][PASSED] - comment: begin to input one correct account

2019-04-18 09:54:26 - [TEST_STEP][PASSED] - Statement - item = com.kms.katalon.core.webui.keyword.WebUiBuiltInKeywords.verifyElementPresent(com.kms.katalon.core.testobject.ObjectRepository.findTestObject(Login/button_ login), 20, STOP_ON_FAILURE): Object 'Object Repository/Login/button_ login' is present

2019-04-18 09:54:27 - [MESSAGE][PASSED] - Object 'Object Repository/Login/button_ login' is present

2019-04-18 09:54:27 - [TEST_STEP][PASSED] - Statement - If (item == true): Enter this website successful!!

2019-04-18 09:54:27 - [TEST_STEP][PASSED] - comment: Enter this website successful!!

2019-04-18 09:54:27 - [TEST_STEP][PASSED] - Start listener action : sampleAfterTestCase: Invoke 'com.kms.katalon.core.annotation.AfterTestCase' method: 'NewTestListener.sampleAfterTestCase(...)' completed.

2019-04-18 09:54:27 - [TEST_STEP][PASSED] - Statement - println(testCaseContext.getTestCaseId()): null

2019-04-18 09:54:27 - [TEST_STEP][PASSED] - Statement - println(testCaseContext.getTestCaseStatus()): Invoke 'com.kms.katalon.core.annotation.AfterTestCase' method: 'NewTestListener.sampleAfterTestCase(...)' completed.]]></system-out>
         <system-err><![CDATA[]]></system-err>
      </testcase>
      <testcase name="Test Cases/001_Login_Home/001_Login" classname="Test Cases/001_Login_Home/001_Login" status="PASSED">
         <system-out><![CDATA[2019-04-18 09:54:29 - [TEST_CASE][PASSED] - Test Cases/001_Login_Home/001_Login: Test Cases/001_Login_Home/001_Login

2019-04-18 09:54:29 - [TEST_STEP][PASSED] - Start listener action : sampleBeforeTestCase: Invoke 'com.kms.katalon.core.annotation.BeforeTestCase' method: 'NewTestListener.sampleBeforeTestCase(...)' completed.

2019-04-18 09:54:29 - [TEST_STEP][PASSED] - Statement - println(testCaseContext.getTestCaseId()): null

2019-04-18 09:54:29 - [TEST_STEP][PASSED] - Statement - println(testCaseContext.getTestCaseVariables()): Invoke 'com.kms.katalon.core.annotation.BeforeTestCase' method: 'NewTestListener.sampleBeforeTestCase(...)' completed.

2019-04-18 09:54:29 - [TEST_STEP][PASSED] - callTestCase: Call Test Case 'Test Cases/001_Login_Home/001_Navigate' successfully

2019-04-18 09:54:29 - [TEST_CASE][PASSED] - Test Cases/001_Login_Home/001_Navigate: Test Cases/001_Login_Home/001_Navigate

2019-04-18 09:54:29 - [TEST_STEP][PASSED] - openBrowser: Browser is opened with url: ''

2019-04-18 09:54:29 - [MESSAGE][WARNING] - A browser is already opened. Closing browser and opening a new one

2019-04-18 09:54:35 - [MESSAGE][PASSED] - Browser is opened with url: ''

2019-04-18 09:54:35 - [TEST_STEP][PASSED] - navigateToUrl: Navigate to 'http://222.180.200.126:9909/PORTALASSETS/login' successfully

2019-04-18 09:54:36 - [MESSAGE][PASSED] - Navigate to 'http://222.180.200.126:9909/PORTALASSETS/login' successfully

2019-04-18 09:54:36 - [TEST_STEP][PASSED] - comment: begin to input one correct account

2019-04-18 09:54:36 - [TEST_STEP][PASSED] - Statement - item = com.kms.katalon.core.webui.keyword.WebUiBuiltInKeywords.verifyElementPresent(com.kms.katalon.core.testobject.ObjectRepository.findTestObject(Login/button_ login), 20, STOP_ON_FAILURE): Object 'Object Repository/Login/button_ login' is present

2019-04-18 09:54:36 - [MESSAGE][PASSED] - Object 'Object Repository/Login/button_ login' is present

2019-04-18 09:54:36 - [TEST_STEP][PASSED] - Statement - If (item == true): Enter this website successful!!

2019-04-18 09:54:36 - [TEST_STEP][PASSED] - comment: Enter this website successful!!

2019-04-18 09:54:36 - [MESSAGE][PASSED] - Call Test Case 'Test Cases/001_Login_Home/001_Navigate' successfully

2019-04-18 09:54:36 - [TEST_STEP][PASSED] - delay: Delayed 1 second(s)

2019-04-18 09:54:37 - [MESSAGE][PASSED] - Delayed 1 second(s)

2019-04-18 09:54:37 - [TEST_STEP][PASSED] - setText: Text '' is set on object 'Object Repository/Login/loginname'

2019-04-18 09:54:37 - [MESSAGE][PASSED] - Text '' is set on object 'Object Repository/Login/loginname'

2019-04-18 09:54:37 - [TEST_STEP][PASSED] - delay: Delayed 1 second(s)

2019-04-18 09:54:38 - [MESSAGE][PASSED] - Delayed 1 second(s)

2019-04-18 09:54:38 - [TEST_STEP][PASSED] - setText: Text '1234567890' is set on object 'Object Repository/Login/password'

2019-04-18 09:54:39 - [MESSAGE][PASSED] - Text '1234567890' is set on object 'Object Repository/Login/password'

2019-04-18 09:54:39 - [TEST_STEP][PASSED] - delay: Delayed 1 second(s)

2019-04-18 09:54:40 - [MESSAGE][PASSED] - Delayed 1 second(s)

2019-04-18 09:54:40 - [TEST_STEP][PASSED] - click: Object: 'Object Repository/Login/button_ login' is clicked on

2019-04-18 09:54:40 - [MESSAGE][PASSED] - Object: 'Object Repository/Login/button_ login' is clicked on

2019-04-18 09:54:40 - [TEST_STEP][PASSED] - Statement - a = com.kms.katalon.core.webui.keyword.WebUiBuiltInKeywords.verifyElementPresent(com.kms.katalon.core.testobject.ObjectRepository.findTestObject(Login/label_incorrect), 30, CONTINUE_ON_FAILURE): Object 'Object Repository/Login/label_incorrect' is present

2019-04-18 09:54:40 - [MESSAGE][PASSED] - Object 'Object Repository/Login/label_incorrect' is present

2019-04-18 09:54:40 - [TEST_STEP][PASSED] - Statement - If (a): find this item,pwd or name not correct

2019-04-18 09:54:40 - [TEST_STEP][PASSED] - comment: find this item,pwd or name not correct

2019-04-18 09:54:40 - [TEST_STEP][PASSED] - closeBrowser: Browser is closed

2019-04-18 09:54:41 - [MESSAGE][PASSED] - Browser is closed

2019-04-18 09:54:41 - [TEST_STEP][PASSED] - Start listener action : sampleAfterTestCase: Invoke 'com.kms.katalon.core.annotation.AfterTestCase' method: 'NewTestListener.sampleAfterTestCase(...)' completed.

2019-04-18 09:54:41 - [TEST_STEP][PASSED] - Statement - println(testCaseContext.getTestCaseId()): null

2019-04-18 09:54:41 - [TEST_STEP][PASSED] - Statement - println(testCaseContext.getTestCaseStatus()): Invoke 'com.kms.katalon.core.annotation.AfterTestCase' method: 'NewTestListener.sampleAfterTestCase(...)' completed.]]></system-out>
         <system-err><![CDATA[]]></system-err>
      </testcase>
      <testcase name="Test Cases/001_Login_Home/001_Login" classname="Test Cases/001_Login_Home/001_Login" status="PASSED">
         <system-out><![CDATA[2019-04-18 09:54:43 - [TEST_CASE][PASSED] - Test Cases/001_Login_Home/001_Login: Test Cases/001_Login_Home/001_Login

2019-04-18 09:54:43 - [TEST_STEP][PASSED] - Start listener action : sampleBeforeTestCase: Invoke 'com.kms.katalon.core.annotation.BeforeTestCase' method: 'NewTestListener.sampleBeforeTestCase(...)' completed.

2019-04-18 09:54:43 - [TEST_STEP][PASSED] - Statement - println(testCaseContext.getTestCaseId()): null

2019-04-18 09:54:43 - [TEST_STEP][PASSED] - Statement - println(testCaseContext.getTestCaseVariables()): Invoke 'com.kms.katalon.core.annotation.BeforeTestCase' method: 'NewTestListener.sampleBeforeTestCase(...)' completed.

2019-04-18 09:54:43 - [TEST_STEP][PASSED] - callTestCase: Call Test Case 'Test Cases/001_Login_Home/001_Navigate' successfully

2019-04-18 09:54:43 - [TEST_CASE][PASSED] - Test Cases/001_Login_Home/001_Navigate: Test Cases/001_Login_Home/001_Navigate

2019-04-18 09:54:43 - [TEST_STEP][PASSED] - openBrowser: Browser is opened with url: ''

2019-04-18 09:54:45 - [MESSAGE][PASSED] - Browser is opened with url: ''

2019-04-18 09:54:45 - [TEST_STEP][PASSED] - navigateToUrl: Navigate to 'http://222.180.200.126:9909/PORTALASSETS/login' successfully

2019-04-18 09:54:46 - [MESSAGE][PASSED] - Navigate to 'http://222.180.200.126:9909/PORTALASSETS/login' successfully

2019-04-18 09:54:46 - [TEST_STEP][PASSED] - comment: begin to input one correct account

2019-04-18 09:54:46 - [TEST_STEP][PASSED] - Statement - item = com.kms.katalon.core.webui.keyword.WebUiBuiltInKeywords.verifyElementPresent(com.kms.katalon.core.testobject.ObjectRepository.findTestObject(Login/button_ login), 20, STOP_ON_FAILURE): Object 'Object Repository/Login/button_ login' is present

2019-04-18 09:54:46 - [MESSAGE][PASSED] - Object 'Object Repository/Login/button_ login' is present

2019-04-18 09:54:46 - [TEST_STEP][PASSED] - Statement - If (item == true): Enter this website successful!!

2019-04-18 09:54:46 - [TEST_STEP][PASSED] - comment: Enter this website successful!!

2019-04-18 09:54:46 - [MESSAGE][PASSED] - Call Test Case 'Test Cases/001_Login_Home/001_Navigate' successfully

2019-04-18 09:54:46 - [TEST_STEP][PASSED] - delay: Delayed 1 second(s)

2019-04-18 09:54:47 - [MESSAGE][PASSED] - Delayed 1 second(s)

2019-04-18 09:54:47 - [TEST_STEP][PASSED] - setText: Text 'test' is set on object 'Object Repository/Login/loginname'

2019-04-18 09:54:47 - [MESSAGE][PASSED] - Text 'test' is set on object 'Object Repository/Login/loginname'

2019-04-18 09:54:47 - [TEST_STEP][PASSED] - delay: Delayed 1 second(s)

2019-04-18 09:54:48 - [MESSAGE][PASSED] - Delayed 1 second(s)

2019-04-18 09:54:48 - [TEST_STEP][PASSED] - setText: Text '' is set on object 'Object Repository/Login/password'

2019-04-18 09:54:48 - [MESSAGE][PASSED] - Text '' is set on object 'Object Repository/Login/password'

2019-04-18 09:54:48 - [TEST_STEP][PASSED] - delay: Delayed 1 second(s)

2019-04-18 09:54:49 - [MESSAGE][PASSED] - Delayed 1 second(s)

2019-04-18 09:54:49 - [TEST_STEP][PASSED] - click: Object: 'Object Repository/Login/button_ login' is clicked on

2019-04-18 09:54:49 - [MESSAGE][PASSED] - Object: 'Object Repository/Login/button_ login' is clicked on

2019-04-18 09:54:49 - [TEST_STEP][PASSED] - Statement - a = com.kms.katalon.core.webui.keyword.WebUiBuiltInKeywords.verifyElementPresent(com.kms.katalon.core.testobject.ObjectRepository.findTestObject(Login/label_incorrect), 30, CONTINUE_ON_FAILURE): Object 'Object Repository/Login/label_incorrect' is present

2019-04-18 09:54:49 - [MESSAGE][PASSED] - Object 'Object Repository/Login/label_incorrect' is present

2019-04-18 09:54:49 - [TEST_STEP][PASSED] - Statement - If (a): find this item,pwd or name not correct

2019-04-18 09:54:49 - [TEST_STEP][PASSED] - comment: find this item,pwd or name not correct

2019-04-18 09:54:49 - [TEST_STEP][PASSED] - closeBrowser: Browser is closed

2019-04-18 09:54:50 - [MESSAGE][PASSED] - Browser is closed

2019-04-18 09:54:50 - [TEST_STEP][PASSED] - Start listener action : sampleAfterTestCase: Invoke 'com.kms.katalon.core.annotation.AfterTestCase' method: 'NewTestListener.sampleAfterTestCase(...)' completed.

2019-04-18 09:54:50 - [TEST_STEP][PASSED] - Statement - println(testCaseContext.getTestCaseId()): null

2019-04-18 09:54:50 - [TEST_STEP][PASSED] - Statement - println(testCaseContext.getTestCaseStatus()): Invoke 'com.kms.katalon.core.annotation.AfterTestCase' method: 'NewTestListener.sampleAfterTestCase(...)' completed.]]></system-out>
         <system-err><![CDATA[]]></system-err>
      </testcase>
      <testcase name="Test Cases/001_Login_Home/001_Login" classname="Test Cases/001_Login_Home/001_Login" status="PASSED">
         <system-out><![CDATA[2019-04-18 09:54:52 - [TEST_CASE][PASSED] - Test Cases/001_Login_Home/001_Login: Test Cases/001_Login_Home/001_Login

2019-04-18 09:54:52 - [TEST_STEP][PASSED] - Start listener action : sampleBeforeTestCase: Invoke 'com.kms.katalon.core.annotation.BeforeTestCase' method: 'NewTestListener.sampleBeforeTestCase(...)' completed.

2019-04-18 09:54:52 - [TEST_STEP][PASSED] - Statement - println(testCaseContext.getTestCaseId()): null

2019-04-18 09:54:52 - [TEST_STEP][PASSED] - Statement - println(testCaseContext.getTestCaseVariables()): Invoke 'com.kms.katalon.core.annotation.BeforeTestCase' method: 'NewTestListener.sampleBeforeTestCase(...)' completed.

2019-04-18 09:54:52 - [TEST_STEP][PASSED] - callTestCase: Call Test Case 'Test Cases/001_Login_Home/001_Navigate' successfully

2019-04-18 09:54:52 - [TEST_CASE][PASSED] - Test Cases/001_Login_Home/001_Navigate: Test Cases/001_Login_Home/001_Navigate

2019-04-18 09:54:52 - [TEST_STEP][PASSED] - openBrowser: Browser is opened with url: ''

2019-04-18 09:54:54 - [MESSAGE][PASSED] - Browser is opened with url: ''

2019-04-18 09:54:54 - [TEST_STEP][PASSED] - navigateToUrl: Navigate to 'http://222.180.200.126:9909/PORTALASSETS/login' successfully

2019-04-18 09:54:55 - [MESSAGE][PASSED] - Navigate to 'http://222.180.200.126:9909/PORTALASSETS/login' successfully

2019-04-18 09:54:55 - [TEST_STEP][PASSED] - comment: begin to input one correct account

2019-04-18 09:54:55 - [TEST_STEP][PASSED] - Statement - item = com.kms.katalon.core.webui.keyword.WebUiBuiltInKeywords.verifyElementPresent(com.kms.katalon.core.testobject.ObjectRepository.findTestObject(Login/button_ login), 20, STOP_ON_FAILURE): Object 'Object Repository/Login/button_ login' is present

2019-04-18 09:54:55 - [MESSAGE][PASSED] - Object 'Object Repository/Login/button_ login' is present

2019-04-18 09:54:55 - [TEST_STEP][PASSED] - Statement - If (item == true): Enter this website successful!!

2019-04-18 09:54:55 - [TEST_STEP][PASSED] - comment: Enter this website successful!!

2019-04-18 09:54:55 - [MESSAGE][PASSED] - Call Test Case 'Test Cases/001_Login_Home/001_Navigate' successfully

2019-04-18 09:54:55 - [TEST_STEP][PASSED] - delay: Delayed 1 second(s)

2019-04-18 09:54:56 - [MESSAGE][PASSED] - Delayed 1 second(s)

2019-04-18 09:54:56 - [TEST_STEP][PASSED] - setText: Text 'longnamelongname' is set on object 'Object Repository/Login/loginname'

2019-04-18 09:54:56 - [MESSAGE][PASSED] - Text 'longnamelongname' is set on object 'Object Repository/Login/loginname'

2019-04-18 09:54:56 - [TEST_STEP][PASSED] - delay: Delayed 1 second(s)

2019-04-18 09:54:57 - [MESSAGE][PASSED] - Delayed 1 second(s)

2019-04-18 09:54:57 - [TEST_STEP][PASSED] - setText: Text '654321' is set on object 'Object Repository/Login/password'

2019-04-18 09:54:57 - [MESSAGE][PASSED] - Text '654321' is set on object 'Object Repository/Login/password'

2019-04-18 09:54:57 - [TEST_STEP][PASSED] - delay: Delayed 1 second(s)

2019-04-18 09:54:58 - [MESSAGE][PASSED] - Delayed 1 second(s)

2019-04-18 09:54:58 - [TEST_STEP][PASSED] - click: Object: 'Object Repository/Login/button_ login' is clicked on

2019-04-18 09:54:58 - [MESSAGE][PASSED] - Object: 'Object Repository/Login/button_ login' is clicked on

2019-04-18 09:54:58 - [TEST_STEP][PASSED] - Statement - a = com.kms.katalon.core.webui.keyword.WebUiBuiltInKeywords.verifyElementPresent(com.kms.katalon.core.testobject.ObjectRepository.findTestObject(Login/label_incorrect), 30, CONTINUE_ON_FAILURE): Object 'Object Repository/Login/label_incorrect' is present

2019-04-18 09:54:58 - [MESSAGE][PASSED] - Object 'Object Repository/Login/label_incorrect' is present

2019-04-18 09:54:58 - [TEST_STEP][PASSED] - Statement - If (a): find this item,pwd or name not correct

2019-04-18 09:54:58 - [TEST_STEP][PASSED] - comment: find this item,pwd or name not correct

2019-04-18 09:54:58 - [TEST_STEP][PASSED] - closeBrowser: Browser is closed

2019-04-18 09:54:59 - [MESSAGE][PASSED] - Browser is closed

2019-04-18 09:54:59 - [TEST_STEP][PASSED] - Start listener action : sampleAfterTestCase: Invoke 'com.kms.katalon.core.annotation.AfterTestCase' method: 'NewTestListener.sampleAfterTestCase(...)' completed.

2019-04-18 09:54:59 - [TEST_STEP][PASSED] - Statement - println(testCaseContext.getTestCaseId()): null

2019-04-18 09:54:59 - [TEST_STEP][PASSED] - Statement - println(testCaseContext.getTestCaseStatus()): Invoke 'com.kms.katalon.core.annotation.AfterTestCase' method: 'NewTestListener.sampleAfterTestCase(...)' completed.]]></system-out>
         <system-err><![CDATA[]]></system-err>
      </testcase>
      <testcase name="Test Cases/001_Login_Home/002_Login" classname="Test Cases/001_Login_Home/002_Login" status="PASSED">
         <system-out><![CDATA[2019-04-18 09:55:01 - [TEST_CASE][PASSED] - Test Cases/001_Login_Home/002_Login: Test Cases/001_Login_Home/002_Login

2019-04-18 09:55:01 - [TEST_STEP][PASSED] - Start listener action : sampleBeforeTestCase: Invoke 'com.kms.katalon.core.annotation.BeforeTestCase' method: 'NewTestListener.sampleBeforeTestCase(...)' completed.

2019-04-18 09:55:01 - [TEST_STEP][PASSED] - Statement - println(testCaseContext.getTestCaseId()): null

2019-04-18 09:55:01 - [TEST_STEP][PASSED] - Statement - println(testCaseContext.getTestCaseVariables()): Invoke 'com.kms.katalon.core.annotation.BeforeTestCase' method: 'NewTestListener.sampleBeforeTestCase(...)' completed.

2019-04-18 09:55:01 - [TEST_STEP][PASSED] - callTestCase: Call Test Case 'Test Cases/001_Login_Home/001_Navigate' successfully

2019-04-18 09:55:01 - [TEST_CASE][PASSED] - Test Cases/001_Login_Home/001_Navigate: Test Cases/001_Login_Home/001_Navigate

2019-04-18 09:55:01 - [TEST_STEP][PASSED] - openBrowser: Browser is opened with url: ''

2019-04-18 09:55:04 - [MESSAGE][PASSED] - Browser is opened with url: ''

2019-04-18 09:55:04 - [TEST_STEP][PASSED] - navigateToUrl: Navigate to 'http://222.180.200.126:9909/PORTALASSETS/login' successfully

2019-04-18 09:55:04 - [MESSAGE][PASSED] - Navigate to 'http://222.180.200.126:9909/PORTALASSETS/login' successfully

2019-04-18 09:55:04 - [TEST_STEP][PASSED] - comment: begin to input one correct account

2019-04-18 09:55:04 - [TEST_STEP][PASSED] - Statement - item = com.kms.katalon.core.webui.keyword.WebUiBuiltInKeywords.verifyElementPresent(com.kms.katalon.core.testobject.ObjectRepository.findTestObject(Login/button_ login), 20, STOP_ON_FAILURE): Object 'Object Repository/Login/button_ login' is present

2019-04-18 09:55:04 - [MESSAGE][PASSED] - Object 'Object Repository/Login/button_ login' is present

2019-04-18 09:55:04 - [TEST_STEP][PASSED] - Statement - If (item == true): Enter this website successful!!

2019-04-18 09:55:04 - [TEST_STEP][PASSED] - comment: Enter this website successful!!

2019-04-18 09:55:04 - [MESSAGE][PASSED] - Call Test Case 'Test Cases/001_Login_Home/001_Navigate' successfully

2019-04-18 09:55:04 - [TEST_STEP][PASSED] - delay: Delayed 1 second(s)

2019-04-18 09:55:05 - [MESSAGE][PASSED] - Delayed 1 second(s)

2019-04-18 09:55:05 - [TEST_STEP][PASSED] - setText: Text 'admin' is set on object 'Object Repository/Login/loginname'

2019-04-18 09:55:05 - [MESSAGE][PASSED] - Text 'admin' is set on object 'Object Repository/Login/loginname'

2019-04-18 09:55:05 - [TEST_STEP][PASSED] - delay: Delayed 1 second(s)

2019-04-18 09:55:06 - [MESSAGE][PASSED] - Delayed 1 second(s)

2019-04-18 09:55:06 - [TEST_STEP][PASSED] - setText: Text '654321' is set on object 'Object Repository/Login/password'

2019-04-18 09:55:06 - [MESSAGE][PASSED] - Text '654321' is set on object 'Object Repository/Login/password'

2019-04-18 09:55:06 - [TEST_STEP][PASSED] - delay: Delayed 1 second(s)

2019-04-18 09:55:07 - [MESSAGE][PASSED] - Delayed 1 second(s)

2019-04-18 09:55:07 - [TEST_STEP][PASSED] - Statement - R = com.kms.katalon.core.webui.keyword.WebUiBuiltInKeywords.verifyElementChecked(com.kms.katalon.core.testobject.ObjectRepository.findTestObject(Login/remember_password), 10): Object 'Object Repository/Login/remember_password' is checked

2019-04-18 09:55:07 - [MESSAGE][PASSED] - Object 'Object Repository/Login/remember_password' is checked

2019-04-18 09:55:07 - [TEST_STEP][PASSED] - Statement - If (R): The remember pwd box is checked!

2019-04-18 09:55:07 - [TEST_STEP][PASSED] - comment: The remember pwd box is checked!

2019-04-18 09:55:07 - [TEST_STEP][PASSED] - click: Object: 'Object Repository/Login/button_ login' is clicked on

2019-04-18 09:55:08 - [MESSAGE][PASSED] - Object: 'Object Repository/Login/button_ login' is clicked on

2019-04-18 09:55:08 - [TEST_STEP][PASSED] - Statement - a = com.kms.katalon.core.webui.keyword.WebUiBuiltInKeywords.verifyElementPresent(com.kms.katalon.core.testobject.ObjectRepository.findTestObject(homepage/a_homepage), 40): Object 'Object Repository/homepage/a_homepage' is present

2019-04-18 09:55:08 - [MESSAGE][PASSED] - Object 'Object Repository/homepage/a_homepage' is present

2019-04-18 09:55:08 - [TEST_STEP][PASSED] - Statement - If (a): Taking screenshot successfully

2019-04-18 09:55:08 - [TEST_STEP][PASSED] - comment: Find the homepag lable,Login successful

2019-04-18 09:55:08 - [TEST_STEP][PASSED] - takeScreenshot: Taking screenshot successfully

2019-04-18 09:55:09 - [MESSAGE][PASSED] - Taking screenshot successfully
[[ATTACHMENT|G:\\Auto_Learning\\katalon\\katalon_project\\katalon_project\\T2M_Manage\\T2M_Manage\\Reports\\Login\\Login_Home\\20190418_095405\\1555552508686.png]]

2019-04-18 09:55:09 - [TEST_STEP][PASSED] - Start listener action : sampleAfterTestCase: Invoke 'com.kms.katalon.core.annotation.AfterTestCase' method: 'NewTestListener.sampleAfterTestCase(...)' completed.

2019-04-18 09:55:09 - [TEST_STEP][PASSED] - Statement - println(testCaseContext.getTestCaseId()): null

2019-04-18 09:55:09 - [TEST_STEP][PASSED] - Statement - println(testCaseContext.getTestCaseStatus()): Invoke 'com.kms.katalon.core.annotation.AfterTestCase' method: 'NewTestListener.sampleAfterTestCase(...)' completed.]]></system-out>
         <system-err><![CDATA[]]></system-err>
      </testcase>
      <testcase name="Test Cases/001_Login_Home/003_Login" classname="Test Cases/001_Login_Home/003_Login" status="PASSED">
         <system-out><![CDATA[2019-04-18 09:55:22 - [TEST_CASE][PASSED] - Test Cases/001_Login_Home/003_Login: Test Cases/001_Login_Home/003_Login

2019-04-18 09:55:22 - [TEST_STEP][PASSED] - Start listener action : sampleBeforeTestCase: Invoke 'com.kms.katalon.core.annotation.BeforeTestCase' method: 'NewTestListener.sampleBeforeTestCase(...)' completed.

2019-04-18 09:55:22 - [TEST_STEP][PASSED] - Statement - println(testCaseContext.getTestCaseId()): null

2019-04-18 09:55:22 - [TEST_STEP][PASSED] - Statement - println(testCaseContext.getTestCaseVariables()): Invoke 'com.kms.katalon.core.annotation.BeforeTestCase' method: 'NewTestListener.sampleBeforeTestCase(...)' completed.

2019-04-18 09:55:23 - [TEST_STEP][PASSED] - callTestCase: Call Test Case 'Test Cases/001_Login_Home/001_Navigate' successfully

2019-04-18 09:55:23 - [TEST_CASE][PASSED] - Test Cases/001_Login_Home/001_Navigate: Test Cases/001_Login_Home/001_Navigate

2019-04-18 09:55:23 - [TEST_STEP][PASSED] - openBrowser: Browser is opened with url: ''

2019-04-18 09:55:23 - [MESSAGE][WARNING] - A browser is already opened. Closing browser and opening a new one

2019-04-18 09:55:26 - [MESSAGE][PASSED] - Browser is opened with url: ''

2019-04-18 09:55:26 - [TEST_STEP][PASSED] - navigateToUrl: Navigate to 'http://222.180.200.126:9909/PORTALASSETS/login' successfully

2019-04-18 09:55:35 - [MESSAGE][PASSED] - Navigate to 'http://222.180.200.126:9909/PORTALASSETS/login' successfully

2019-04-18 09:55:35 - [TEST_STEP][PASSED] - comment: begin to input one correct account

2019-04-18 09:55:35 - [TEST_STEP][PASSED] - Statement - item = com.kms.katalon.core.webui.keyword.WebUiBuiltInKeywords.verifyElementPresent(com.kms.katalon.core.testobject.ObjectRepository.findTestObject(Login/button_ login), 20, STOP_ON_FAILURE): Object 'Object Repository/Login/button_ login' is present

2019-04-18 09:55:35 - [MESSAGE][PASSED] - Object 'Object Repository/Login/button_ login' is present

2019-04-18 09:55:35 - [TEST_STEP][PASSED] - Statement - If (item == true): Enter this website successful!!

2019-04-18 09:55:35 - [TEST_STEP][PASSED] - comment: Enter this website successful!!

2019-04-18 09:55:35 - [MESSAGE][PASSED] - Call Test Case 'Test Cases/001_Login_Home/001_Navigate' successfully

2019-04-18 09:55:35 - [TEST_STEP][PASSED] - delay: Delayed 1 second(s)

2019-04-18 09:55:36 - [MESSAGE][PASSED] - Delayed 1 second(s)

2019-04-18 09:55:36 - [TEST_STEP][PASSED] - setText: Text 'admin' is set on object 'Object Repository/Login/loginname'

2019-04-18 09:55:36 - [MESSAGE][PASSED] - Text 'admin' is set on object 'Object Repository/Login/loginname'

2019-04-18 09:55:36 - [TEST_STEP][PASSED] - delay: Delayed 1 second(s)

2019-04-18 09:55:37 - [MESSAGE][PASSED] - Delayed 1 second(s)

2019-04-18 09:55:37 - [TEST_STEP][PASSED] - setText: Text '654321' is set on object 'Object Repository/Login/password'

2019-04-18 09:55:37 - [MESSAGE][PASSED] - Text '654321' is set on object 'Object Repository/Login/password'

2019-04-18 09:55:37 - [TEST_STEP][PASSED] - delay: Delayed 1 second(s)

2019-04-18 09:55:38 - [MESSAGE][PASSED] - Delayed 1 second(s)

2019-04-18 09:55:38 - [TEST_STEP][PASSED] - click: Object: 'Object Repository/Login/remember_password' is clicked on

2019-04-18 09:55:38 - [MESSAGE][PASSED] - Object: 'Object Repository/Login/remember_password' is clicked on

2019-04-18 09:55:38 - [TEST_STEP][PASSED] - delay: Delayed 1 second(s)

2019-04-18 09:55:39 - [MESSAGE][PASSED] - Delayed 1 second(s)

2019-04-18 09:55:39 - [TEST_STEP][PASSED] - Statement - R = com.kms.katalon.core.webui.keyword.WebUiBuiltInKeywords.verifyElementNotChecked(com.kms.katalon.core.testobject.ObjectRepository.findTestObject(Login/remember_password), 10): Object 'Object Repository/Login/remember_password' is not checked

2019-04-18 09:55:39 - [MESSAGE][PASSED] - Object 'Object Repository/Login/remember_password' is not checked

2019-04-18 09:55:39 - [TEST_STEP][PASSED] - Statement - If (R): The remember pwd box no checked

2019-04-18 09:55:39 - [TEST_STEP][PASSED] - comment: The remember pwd box no checked

2019-04-18 09:55:39 - [TEST_STEP][PASSED] - click: Object: 'Object Repository/Login/button_ login' is clicked on

2019-04-18 09:55:40 - [MESSAGE][PASSED] - Object: 'Object Repository/Login/button_ login' is clicked on

2019-04-18 09:55:40 - [TEST_STEP][PASSED] - Statement - a = com.kms.katalon.core.webui.keyword.WebUiBuiltInKeywords.verifyElementPresent(com.kms.katalon.core.testobject.ObjectRepository.findTestObject(homepage/a_homepage), 40): Object 'Object Repository/homepage/a_homepage' is present

2019-04-18 09:55:40 - [MESSAGE][PASSED] - Object 'Object Repository/homepage/a_homepage' is present

2019-04-18 09:55:40 - [TEST_STEP][PASSED] - Statement - If (a): Taking screenshot successfully

2019-04-18 09:55:40 - [TEST_STEP][PASSED] - comment: Find the homepag lable,Login successful

2019-04-18 09:55:40 - [TEST_STEP][PASSED] - takeScreenshot: Taking screenshot successfully

2019-04-18 09:55:41 - [MESSAGE][PASSED] - Taking screenshot successfully
[[ATTACHMENT|G:\\Auto_Learning\\katalon\\katalon_project\\katalon_project\\T2M_Manage\\T2M_Manage\\Reports\\Login\\Login_Home\\20190418_095405\\1555552540671.png]]

2019-04-18 09:55:41 - [TEST_STEP][PASSED] - Start listener action : sampleAfterTestCase: Invoke 'com.kms.katalon.core.annotation.AfterTestCase' method: 'NewTestListener.sampleAfterTestCase(...)' completed.

2019-04-18 09:55:41 - [TEST_STEP][PASSED] - Statement - println(testCaseContext.getTestCaseId()): null

2019-04-18 09:55:41 - [TEST_STEP][PASSED] - Statement - println(testCaseContext.getTestCaseStatus()): Invoke 'com.kms.katalon.core.annotation.AfterTestCase' method: 'NewTestListener.sampleAfterTestCase(...)' completed.]]></system-out>
         <system-err><![CDATA[]]></system-err>
      </testcase>
      <testcase name="Test Cases/001_Login_Home/004_Forget_Login" classname="Test Cases/001_Login_Home/004_Forget_Login" status="PASSED">
         <system-out><![CDATA[2019-04-18 09:55:43 - [TEST_CASE][PASSED] - Test Cases/001_Login_Home/004_Forget_Login: Test Cases/001_Login_Home/004_Forget_Login

2019-04-18 09:55:43 - [TEST_STEP][PASSED] - Start listener action : sampleBeforeTestCase: Invoke 'com.kms.katalon.core.annotation.BeforeTestCase' method: 'NewTestListener.sampleBeforeTestCase(...)' completed.

2019-04-18 09:55:43 - [TEST_STEP][PASSED] - Statement - println(testCaseContext.getTestCaseId()): null

2019-04-18 09:55:43 - [TEST_STEP][PASSED] - Statement - println(testCaseContext.getTestCaseVariables()): Invoke 'com.kms.katalon.core.annotation.BeforeTestCase' method: 'NewTestListener.sampleBeforeTestCase(...)' completed.

2019-04-18 09:55:43 - [TEST_STEP][PASSED] - callTestCase: Call Test Case 'Test Cases/001_Login_Home/002_Login' successfully

2019-04-18 09:55:43 - [TEST_CASE][PASSED] - Test Cases/001_Login_Home/002_Login: Test Cases/001_Login_Home/002_Login

2019-04-18 09:55:43 - [TEST_STEP][PASSED] - callTestCase: Call Test Case 'Test Cases/001_Login_Home/001_Navigate' successfully

2019-04-18 09:55:43 - [TEST_CASE][PASSED] - Test Cases/001_Login_Home/001_Navigate: Test Cases/001_Login_Home/001_Navigate

2019-04-18 09:55:43 - [TEST_STEP][PASSED] - openBrowser: Browser is opened with url: ''

2019-04-18 09:55:43 - [MESSAGE][WARNING] - A browser is already opened. Closing browser and opening a new one

2019-04-18 09:55:46 - [MESSAGE][PASSED] - Browser is opened with url: ''

2019-04-18 09:55:46 - [TEST_STEP][PASSED] - navigateToUrl: Navigate to 'http://222.180.200.126:9909/PORTALASSETS/login' successfully

2019-04-18 09:55:46 - [MESSAGE][PASSED] - Navigate to 'http://222.180.200.126:9909/PORTALASSETS/login' successfully

2019-04-18 09:55:46 - [TEST_STEP][PASSED] - comment: begin to input one correct account

2019-04-18 09:55:46 - [TEST_STEP][PASSED] - Statement - item = com.kms.katalon.core.webui.keyword.WebUiBuiltInKeywords.verifyElementPresent(com.kms.katalon.core.testobject.ObjectRepository.findTestObject(Login/button_ login), 20, STOP_ON_FAILURE): Object 'Object Repository/Login/button_ login' is present

2019-04-18 09:55:46 - [MESSAGE][PASSED] - Object 'Object Repository/Login/button_ login' is present

2019-04-18 09:55:46 - [TEST_STEP][PASSED] - Statement - If (item == true): Enter this website successful!!

2019-04-18 09:55:46 - [TEST_STEP][PASSED] - comment: Enter this website successful!!

2019-04-18 09:55:46 - [MESSAGE][PASSED] - Call Test Case 'Test Cases/001_Login_Home/001_Navigate' successfully

2019-04-18 09:55:46 - [TEST_STEP][PASSED] - delay: Delayed 1 second(s)

2019-04-18 09:55:47 - [MESSAGE][PASSED] - Delayed 1 second(s)

2019-04-18 09:55:47 - [TEST_STEP][PASSED] - setText: Text 'admin' is set on object 'Object Repository/Login/loginname'

2019-04-18 09:55:48 - [MESSAGE][PASSED] - Text 'admin' is set on object 'Object Repository/Login/loginname'

2019-04-18 09:55:48 - [TEST_STEP][PASSED] - delay: Delayed 1 second(s)

2019-04-18 09:55:49 - [MESSAGE][PASSED] - Delayed 1 second(s)

2019-04-18 09:55:49 - [TEST_STEP][PASSED] - setText: Text '654321' is set on object 'Object Repository/Login/password'

2019-04-18 09:55:49 - [MESSAGE][PASSED] - Text '654321' is set on object 'Object Repository/Login/password'

2019-04-18 09:55:49 - [TEST_STEP][PASSED] - delay: Delayed 1 second(s)

2019-04-18 09:55:50 - [MESSAGE][PASSED] - Delayed 1 second(s)

2019-04-18 09:55:50 - [TEST_STEP][PASSED] - Statement - R = com.kms.katalon.core.webui.keyword.WebUiBuiltInKeywords.verifyElementChecked(com.kms.katalon.core.testobject.ObjectRepository.findTestObject(Login/remember_password), 10): Object 'Object Repository/Login/remember_password' is checked

2019-04-18 09:55:50 - [MESSAGE][PASSED] - Object 'Object Repository/Login/remember_password' is checked

2019-04-18 09:55:50 - [TEST_STEP][PASSED] - Statement - If (R): The remember pwd box is checked!

2019-04-18 09:55:50 - [TEST_STEP][PASSED] - comment: The remember pwd box is checked!

2019-04-18 09:55:50 - [TEST_STEP][PASSED] - click: Object: 'Object Repository/Login/button_ login' is clicked on

2019-04-18 09:55:50 - [MESSAGE][PASSED] - Object: 'Object Repository/Login/button_ login' is clicked on

2019-04-18 09:55:50 - [TEST_STEP][PASSED] - Statement - a = com.kms.katalon.core.webui.keyword.WebUiBuiltInKeywords.verifyElementPresent(com.kms.katalon.core.testobject.ObjectRepository.findTestObject(homepage/a_homepage), 40): Object 'Object Repository/homepage/a_homepage' is present

2019-04-18 09:55:50 - [MESSAGE][PASSED] - Object 'Object Repository/homepage/a_homepage' is present

2019-04-18 09:55:50 - [TEST_STEP][PASSED] - Statement - If (a): Taking screenshot successfully

2019-04-18 09:55:50 - [TEST_STEP][PASSED] - comment: Find the homepag lable,Login successful

2019-04-18 09:55:50 - [TEST_STEP][PASSED] - takeScreenshot: Taking screenshot successfully

2019-04-18 09:55:51 - [MESSAGE][PASSED] - Taking screenshot successfully
[[ATTACHMENT|G:\\Auto_Learning\\katalon\\katalon_project\\katalon_project\\T2M_Manage\\T2M_Manage\\Reports\\Login\\Login_Home\\20190418_095405\\1555552550942.png]]

2019-04-18 09:55:51 - [MESSAGE][PASSED] - Call Test Case 'Test Cases/001_Login_Home/002_Login' successfully

2019-04-18 09:55:51 - [TEST_STEP][PASSED] - click: Object: 'Object Repository/Login/a_Loginout' is clicked on

2019-04-18 09:55:51 - [MESSAGE][PASSED] - Object: 'Object Repository/Login/a_Loginout' is clicked on

2019-04-18 09:55:51 - [TEST_STEP][PASSED] - delay: Delayed 1 second(s)

2019-04-18 09:55:52 - [MESSAGE][PASSED] - Delayed 1 second(s)

2019-04-18 09:55:52 - [TEST_STEP][PASSED] - Statement - R = com.kms.katalon.core.webui.keyword.WebUiBuiltInKeywords.verifyElementChecked(com.kms.katalon.core.testobject.ObjectRepository.findTestObject(Login/remember_password), 3): Object 'Object Repository/Login/remember_password' is checked

2019-04-18 09:55:52 - [MESSAGE][PASSED] - Object 'Object Repository/Login/remember_password' is checked

2019-04-18 09:55:52 - [TEST_STEP][PASSED] - Statement - If (R): check the remember pwd box!

2019-04-18 09:55:52 - [TEST_STEP][PASSED] - comment: check the remember pwd box!

2019-04-18 09:55:52 - [TEST_STEP][PASSED] - click: Object: 'Object Repository/Login/button_ login' is clicked on

2019-04-18 09:55:52 - [MESSAGE][PASSED] - Object: 'Object Repository/Login/button_ login' is clicked on

2019-04-18 09:55:52 - [TEST_STEP][PASSED] - Statement - a = com.kms.katalon.core.webui.keyword.WebUiBuiltInKeywords.verifyElementPresent(com.kms.katalon.core.testobject.ObjectRepository.findTestObject(homepage/a_homepage), 40, CONTINUE_ON_FAILURE): Object 'Object Repository/homepage/a_homepage' is present

2019-04-18 09:55:53 - [MESSAGE][PASSED] - Object 'Object Repository/homepage/a_homepage' is present

2019-04-18 09:55:53 - [TEST_STEP][PASSED] - Statement - If (a): null

2019-04-18 09:55:53 - [TEST_STEP][PASSED] - comment: Find the homepag lable,Login successfulï¼Œthe pwd not clear

2019-04-18 09:55:53 - [TEST_STEP][PASSED] - takeScreenshot: Taking screenshot successfully

2019-04-18 09:55:53 - [MESSAGE][PASSED] - Taking screenshot successfully
[[ATTACHMENT|G:\\Auto_Learning\\katalon\\katalon_project\\katalon_project\\T2M_Manage\\T2M_Manage\\Reports\\Login\\Login_Home\\20190418_095405\\1555552553222.png]]

2019-04-18 09:55:53 - [TEST_STEP][PASSED] - Statement - assert true: null

2019-04-18 09:55:53 - [TEST_STEP][PASSED] - callTestCase: Call Test Case 'Test Cases/001_Login_Home/003_Login' successfully

2019-04-18 09:55:53 - [TEST_CASE][PASSED] - Test Cases/001_Login_Home/003_Login: Test Cases/001_Login_Home/003_Login

2019-04-18 09:55:53 - [TEST_STEP][PASSED] - callTestCase: Call Test Case 'Test Cases/001_Login_Home/001_Navigate' successfully

2019-04-18 09:55:53 - [TEST_CASE][PASSED] - Test Cases/001_Login_Home/001_Navigate: Test Cases/001_Login_Home/001_Navigate

2019-04-18 09:55:53 - [TEST_STEP][PASSED] - openBrowser: Browser is opened with url: ''

2019-04-18 09:55:53 - [MESSAGE][WARNING] - A browser is already opened. Closing browser and opening a new one

2019-04-18 09:55:56 - [MESSAGE][PASSED] - Browser is opened with url: ''

2019-04-18 09:55:56 - [TEST_STEP][PASSED] - navigateToUrl: Navigate to 'http://222.180.200.126:9909/PORTALASSETS/login' successfully

2019-04-18 09:55:57 - [MESSAGE][PASSED] - Navigate to 'http://222.180.200.126:9909/PORTALASSETS/login' successfully

2019-04-18 09:55:57 - [TEST_STEP][PASSED] - comment: begin to input one correct account

2019-04-18 09:55:57 - [TEST_STEP][PASSED] - Statement - item = com.kms.katalon.core.webui.keyword.WebUiBuiltInKeywords.verifyElementPresent(com.kms.katalon.core.testobject.ObjectRepository.findTestObject(Login/button_ login), 20, STOP_ON_FAILURE): Object 'Object Repository/Login/button_ login' is present

2019-04-18 09:55:57 - [MESSAGE][PASSED] - Object 'Object Repository/Login/button_ login' is present

2019-04-18 09:55:57 - [TEST_STEP][PASSED] - Statement - If (item == true): Enter this website successful!!

2019-04-18 09:55:57 - [TEST_STEP][PASSED] - comment: Enter this website successful!!

2019-04-18 09:55:57 - [MESSAGE][PASSED] - Call Test Case 'Test Cases/001_Login_Home/001_Navigate' successfully

2019-04-18 09:55:57 - [TEST_STEP][PASSED] - delay: Delayed 1 second(s)

2019-04-18 09:55:58 - [MESSAGE][PASSED] - Delayed 1 second(s)

2019-04-18 09:55:58 - [TEST_STEP][PASSED] - setText: Text 'admin' is set on object 'Object Repository/Login/loginname'

2019-04-18 09:55:58 - [MESSAGE][PASSED] - Text 'admin' is set on object 'Object Repository/Login/loginname'

2019-04-18 09:55:58 - [TEST_STEP][PASSED] - delay: Delayed 1 second(s)

2019-04-18 09:55:59 - [MESSAGE][PASSED] - Delayed 1 second(s)

2019-04-18 09:55:59 - [TEST_STEP][PASSED] - setText: Text '654321' is set on object 'Object Repository/Login/password'

2019-04-18 09:55:59 - [MESSAGE][PASSED] - Text '654321' is set on object 'Object Repository/Login/password'

2019-04-18 09:55:59 - [TEST_STEP][PASSED] - delay: Delayed 1 second(s)

2019-04-18 09:56:00 - [MESSAGE][PASSED] - Delayed 1 second(s)

2019-04-18 09:56:00 - [TEST_STEP][PASSED] - click: Object: 'Object Repository/Login/remember_password' is clicked on

2019-04-18 09:56:00 - [MESSAGE][PASSED] - Object: 'Object Repository/Login/remember_password' is clicked on

2019-04-18 09:56:00 - [TEST_STEP][PASSED] - delay: Delayed 1 second(s)

2019-04-18 09:56:01 - [MESSAGE][PASSED] - Delayed 1 second(s)

2019-04-18 09:56:01 - [TEST_STEP][PASSED] - Statement - R = com.kms.katalon.core.webui.keyword.WebUiBuiltInKeywords.verifyElementNotChecked(com.kms.katalon.core.testobject.ObjectRepository.findTestObject(Login/remember_password), 10): Object 'Object Repository/Login/remember_password' is not checked

2019-04-18 09:56:01 - [MESSAGE][PASSED] - Object 'Object Repository/Login/remember_password' is not checked

2019-04-18 09:56:01 - [TEST_STEP][PASSED] - Statement - If (R): The remember pwd box no checked

2019-04-18 09:56:01 - [TEST_STEP][PASSED] - comment: The remember pwd box no checked

2019-04-18 09:56:01 - [TEST_STEP][PASSED] - click: Object: 'Object Repository/Login/button_ login' is clicked on

2019-04-18 09:56:01 - [MESSAGE][PASSED] - Object: 'Object Repository/Login/button_ login' is clicked on

2019-04-18 09:56:01 - [TEST_STEP][PASSED] - Statement - a = com.kms.katalon.core.webui.keyword.WebUiBuiltInKeywords.verifyElementPresent(com.kms.katalon.core.testobject.ObjectRepository.findTestObject(homepage/a_homepage), 40): Object 'Object Repository/homepage/a_homepage' is present

2019-04-18 09:56:02 - [MESSAGE][PASSED] - Object 'Object Repository/homepage/a_homepage' is present

2019-04-18 09:56:02 - [TEST_STEP][PASSED] - Statement - If (a): Taking screenshot successfully

2019-04-18 09:56:02 - [TEST_STEP][PASSED] - comment: Find the homepag lable,Login successful

2019-04-18 09:56:02 - [TEST_STEP][PASSED] - takeScreenshot: Taking screenshot successfully

2019-04-18 09:56:02 - [MESSAGE][PASSED] - Taking screenshot successfully
[[ATTACHMENT|G:\\Auto_Learning\\katalon\\katalon_project\\katalon_project\\T2M_Manage\\T2M_Manage\\Reports\\Login\\Login_Home\\20190418_095405\\1555552562243.png]]

2019-04-18 09:56:02 - [MESSAGE][PASSED] - Call Test Case 'Test Cases/001_Login_Home/003_Login' successfully

2019-04-18 09:56:02 - [TEST_STEP][PASSED] - click: Object: 'Object Repository/Login/a_Loginout' is clicked on

2019-04-18 09:56:02 - [MESSAGE][PASSED] - Object: 'Object Repository/Login/a_Loginout' is clicked on

2019-04-18 09:56:02 - [TEST_STEP][PASSED] - delay: Delayed 1 second(s)

2019-04-18 09:56:03 - [MESSAGE][PASSED] - Delayed 1 second(s)

2019-04-18 09:56:03 - [TEST_STEP][PASSED] - Statement - R = com.kms.katalon.core.webui.keyword.WebUiBuiltInKeywords.verifyElementChecked(com.kms.katalon.core.testobject.ObjectRepository.findTestObject(Login/remember_password), 10): Object 'Object Repository/Login/remember_password' is checked

2019-04-18 09:56:03 - [MESSAGE][PASSED] - Object 'Object Repository/Login/remember_password' is checked

2019-04-18 09:56:03 - [TEST_STEP][PASSED] - Statement - If (R): check the remember pwd box!

2019-04-18 09:56:03 - [TEST_STEP][PASSED] - comment: check the remember pwd box!

2019-04-18 09:56:03 - [TEST_STEP][PASSED] - click: Object: 'Object Repository/Login/button_ login' is clicked on

2019-04-18 09:56:04 - [MESSAGE][PASSED] - Object: 'Object Repository/Login/button_ login' is clicked on

2019-04-18 09:56:04 - [TEST_STEP][PASSED] - Statement - a = com.kms.katalon.core.webui.keyword.WebUiBuiltInKeywords.verifyElementPresent(com.kms.katalon.core.testobject.ObjectRepository.findTestObject(Login/label_incorrect), 30, CONTINUE_ON_FAILURE): Object 'Object Repository/Login/label_incorrect' is present

2019-04-18 09:56:04 - [MESSAGE][PASSED] - Object 'Object Repository/Login/label_incorrect' is present

2019-04-18 09:56:04 - [TEST_STEP][PASSED] - Statement - If (a): null

2019-04-18 09:56:04 - [TEST_STEP][PASSED] - comment: The account and pwd have cleared

2019-04-18 09:56:04 - [TEST_STEP][PASSED] - Statement - assert true: null

2019-04-18 09:56:04 - [TEST_STEP][PASSED] - Start listener action : sampleAfterTestCase: Invoke 'com.kms.katalon.core.annotation.AfterTestCase' method: 'NewTestListener.sampleAfterTestCase(...)' completed.

2019-04-18 09:56:04 - [TEST_STEP][PASSED] - Statement - println(testCaseContext.getTestCaseId()): null

2019-04-18 09:56:04 - [TEST_STEP][PASSED] - Statement - println(testCaseContext.getTestCaseStatus()): Invoke 'com.kms.katalon.core.annotation.AfterTestCase' method: 'NewTestListener.sampleAfterTestCase(...)' completed.]]></system-out>
         <system-err><![CDATA[]]></system-err>
      </testcase>
      <system-out><![CDATA[2019-04-18 09:54:08 - [TEST_SUITE][PASSED] - Login_Home: Test Cases/001_Login_Home/004_Forget_Login]]></system-out>
      <system-err><![CDATA[]]></system-err>
   </testsuite>
</testsuites>
